2020.07.30 12:55:17 INFO  started: Metals version 0.9.2 in workspace 'E:\Documents\GitHub\lgarcin.github.io' for client vscode.
2020.07.30 12:55:18 INFO  time: initialize in 0.78s
2020.07.30 12:55:22 WARN  no build tool detected in workspace 'E:\Documents\GitHub\lgarcin.github.io'. The most common cause for this problem is that the editor was opened in the wrong working directory, for example if you use sbt then the workspace directory should contain build.sbt. 
juil. 30, 2020 2:54:41 PM org.eclipse.lsp4j.jsonrpc.services.GenericEndpoint notify
INFOS: Unsupported notification method: $/setTraceNotification
juil. 30, 2020 2:54:45 PM org.eclipse.lsp4j.jsonrpc.services.GenericEndpoint notify
INFOS: Unsupported notification method: $/setTraceNotification
juil. 30, 2020 2:54:48 PM org.eclipse.lsp4j.jsonrpc.services.GenericEndpoint notify
INFOS: Unsupported notification method: $/setTraceNotification
juil. 30, 2020 2:54:50 PM org.eclipse.lsp4j.jsonrpc.services.GenericEndpoint notify
INFOS: Unsupported notification method: $/setTraceNotification
juil. 30, 2020 2:54:53 PM org.eclipse.lsp4j.jsonrpc.services.GenericEndpoint notify
INFOS: Unsupported notification method: $/setTraceNotification
juil. 30, 2020 2:54:54 PM org.eclipse.lsp4j.jsonrpc.services.GenericEndpoint notify
INFOS: Unsupported notification method: $/setTraceNotification
juil. 30, 2020 2:54:55 PM org.eclipse.lsp4j.jsonrpc.services.GenericEndpoint notify
INFOS: Unsupported notification method: $/setTraceNotification
juil. 30, 2020 2:54:57 PM org.eclipse.lsp4j.jsonrpc.services.GenericEndpoint notify
INFOS: Unsupported notification method: $/setTraceNotification
2020.07.30 15:37:05 INFO  shutting down Metals
